<?xml version="1.0" encoding="UTF-8"?>
<!-- Generated by org.testng.reporters.JUnitReportReporter -->
<testsuite hostname="DESKTOP-I29LP69" failures="0" tests="1" name="com.mobileautomation.FirstTestCase" time="63.871" errors="0" timestamp="2023-02-28T12:54:00 IST" skipped="0">
  <testcase classname="com.mobileautomation.FirstTestCase" name="openDevice" time="63.871"/>
  <system-out/>
</testsuite> <!-- com.mobileautomation.FirstTestCase -->
